2020-08-15T07:45:30+00:00 CRITICAL Object of class stdClass could not be converted to string dans /var/www/html/WordPress-Dixeed/wp/wp-admin/includes/class-wp-list-table.php à la ligne 1361

2020-08-15T07:47:30+00:00 CRITICAL Object of class stdClass could not be converted to string dans /var/www/html/WordPress-Dixeed/wp/wp-admin/includes/class-wp-list-table.php à la ligne 1361

2020-08-15T07:48:02+00:00 CRITICAL Object of class stdClass could not be converted to string dans /var/www/html/WordPress-Dixeed/wp/wp-admin/includes/class-wp-list-table.php à la ligne 1361

2020-08-15T07:48:18+00:00 CRITICAL Uncaught Error: Cannot use object of type stdClass as array in /var/www/html/WordPress-Dixeed/content/themes/storefront-child/functions.php:158
Stack trace:
#0 /var/www/html/WordPress-Dixeed/content/themes/storefront-child/functions.php(95): Example_List_Table->table_data()
#1 /var/www/html/WordPress-Dixeed/content/themes/storefront-child/functions.php(66): Example_List_Table->prepare_items()
#2 /var/www/html/WordPress-Dixeed/wp/wp-includes/class-wp-hook.php(287): DLHL_Wp_List_Table->list_table_page('')
#3 /var/www/html/WordPress-Dixeed/wp/wp-includes/class-wp-hook.php(311): WP_Hook->apply_filters('', Array)
#4 /var/www/html/WordPress-Dixeed/wp/wp-includes/plugin.php(478): WP_Hook->do_action(Array)
#5 /var/www/html/WordPress-Dixeed/wp/wp-admin/admin.php(254): do_action('toplevel_page_e...')
#6 {main}

Next Exception: Cannot use object of type stdClass as array in /var/www/html/WordPress-Dixeed/content/plugins/query-monitor/collectors/php_errors.php:86
Stack trace:
#0 [internal function]: QM_Collector_PHP_Erro dans /var/www/html/WordPress-Dixeed/content/plugins/query-monitor/collectors/php_errors.php à la ligne 86

2020-08-15T07:48:43+00:00 CRITICAL Object of class stdClass could not be converted to string dans /var/www/html/WordPress-Dixeed/wp/wp-admin/includes/class-wp-list-table.php à la ligne 1361

2020-08-15T07:49:33+00:00 CRITICAL Object of class stdClass could not be converted to string dans /var/www/html/WordPress-Dixeed/wp/wp-admin/includes/class-wp-list-table.php à la ligne 1361

2020-08-15T07:52:58+00:00 CRITICAL Object of class stdClass could not be converted to string dans /var/www/html/WordPress-Dixeed/wp/wp-admin/includes/class-wp-list-table.php à la ligne 1361

2020-08-15T07:53:10+00:00 CRITICAL Object of class stdClass could not be converted to string dans /var/www/html/WordPress-Dixeed/wp/wp-admin/includes/class-wp-list-table.php à la ligne 1361

2020-08-15T08:46:14+00:00 CRITICAL Uncaught ParseError: syntax error, unexpected '{' in /var/www/html/WordPress-Dixeed/content/themes/storefront-child/functions.php:158
Stack trace:
#0 /var/www/html/WordPress-Dixeed/wp-config.php(206): require_once()
#1 /var/www/html/WordPress-Dixeed/wp/wp-load.php(42): require_once('/var/www/html/W...')
#2 /var/www/html/WordPress-Dixeed/wp/wp-admin/admin-ajax.php(22): require_once('/var/www/html/W...')
#3 {main}

Next Exception: syntax error, unexpected '{' in /var/www/html/WordPress-Dixeed/content/plugins/query-monitor/collectors/php_errors.php:86
Stack trace:
#0 [internal function]: QM_Collector_PHP_Errors->exception_handler(Object(ParseError))
#1 {main}
  thrown dans /var/www/html/WordPress-Dixeed/content/plugins/query-monitor/collectors/php_errors.php à la ligne 86

